[www.imf.org/en/Home.html]
[assets.adobedtm.com/c7b988f076dc93cc20c734bc51e87dde0b81f134/satelliteLib-834e3fe4ac4ea890c36d061e19fc6cfc1b5dc5d0.js]
[backblue.gif]
[fade.gif]
[index.html]
[www.imf.org/Assets/IMF/js/analytics/gatag.js]
[www.imf.org/en/news/podcasts.html]
[www.imf.org/en/email-subscription/index.html]
[www.imf.org/en/live.html]
[www.imf.org/Assets/IMF/css/CoveoFullSearch.min.css]
[www.imf.org/Coveo/Hive/css/CoveoForSitecore.css]
[static.cloud.coveo.com/searchui/v2.4710/js/CoveoJsSearch.Lazy.min.js]
[www.imf.org/Coveo/Hive/js/CoveoForSitecore.Lazy.min4e60.js]
[www.imf.org/Coveo/Hive/js/cultures/en.js]
[www.imf.org/en/About.html]
[www.imf.org/en/About/Factsheets/IMF-at-a-Glance.html]
[www.imf.org/en/About/Factsheets/IMF-Surveillance.html]
[www.imf.org/en/About/Factsheets/IMF-Lending.html]
[www.imf.org/en/About/Factsheets/imf-capacity-development.html]
[www.imf.org/en/About/Factsheets.html]
[www.imf.org/en/About/Timeline.html]
[www.imf.org/en/About/senior-officials.html]
[www.imf.org/en/Topics/climate-change.html]
[www.imf.org/en/Topics/fintech.html]
[www.imf.org/en/Topics/fiscal-policies.html]
[www.imf.org/en/Topics/Inequality.html]
[www.imf.org/en/Topics/IMF-Topics.html]
[www.imf.org/en/Research.html]
[www.imf.org/en/publications/weo.html]
[www.imf.org/en/publications/gfsr.html]
[www.imf.org/en/publications/FM.html]
[www.imf.org/en/Publications/SPROLLs/External-Sector-Reports.html]
[www.imf.org/en/Publications/SPROLLs/Staff-Discussion-Notes.html]
[www.imf.org/en/publications/search698c.html]
[www.imf.org/en/Research/Researcher-CV.html]
[www.imf.org/en/News/Seminars/Conferences/2019/03/25/7th-statistical-forum.html]
[www.imf.org/en/Countries.html]
[www.imf.org/en/countries-2.html]
[www.imf.org/en/Countries/ResRep.html]
[www.imf.org/en/Countries/Regions/Europe.html]
[www.imf.org/en/Countries/ResRep/OAP-Home.html]
[www.imf.org/en/Countries/ResRep/CDOT-Region.html]
[www.imf.org/en/Countries/ResRep/CAM-Region.html]
[www.imf.org/en/Countries/ResRep/ECC-Region.html]
[www.imf.org/en/Countries/ResRep/EUR.html]
[www.imf.org/en/Countries/ResRep/PIS-Region.html]
[www.imf.org/en/Capacity-Development.html]
[www.imf.org/en/Capacity-Development/what-we-do.html]
[www.imf.org/en/Capacity-Development/how-we-work.html]
[www.imf.org/en/Capacity-Development/Training/ICDTC.html]
[www.imf.org/en/Capacity-Development/Partners.html]
[www.imf.org/en/Capacity-Development/cd-stories.html]
[www.imf.org/en/Publications/SPROLLs/Technical-assistance-country-reports.html]
[www.imf.org/en/Capacity-Development/strategy-policies.html]
[www.imf.org/en/News.html]
[www.imf.org/en/News/country-focus.html]
[www.imf.org/en/news/searchnews.html]
[www.imf.org/en/Videos/index.html]
[www.imf.org/en/videos/view7a81.html]
[www.imf.org/en/Videos/viewa8ee.html]
[www.imf.org/en/Videos/viewefaf.html]
[www.imf.org/en/Videos/view25f6.html]
[www.imf.org/en/Videos/view18c9.html]
[www.imf.org/en/Videos/view9297.html]
[www.imf.org/en/Videos/viewdb58.html]
[www.imf.org/en/Videos/viewaa07.html]
[www.imf.org/en/Videos/viewa771.html]
[www.imf.org/en/Videos/view9a33.html]
[www.imf.org/en/Videos/view2a93.html]
[www.imf.org/en/Videos/view3eca.html]
[www.imf.org/en/Videos/view4621.html]
[www.imf.org/en/Videos/view5736.html]
[www.imf.org/en/Videos/view161f.html]
[www.imf.org/en/Data.html]
[www.imf.org/en/data/imf-finances.html]
[www.imf.org/en/News/Seminars/Conferences/g20-data-gaps-initiative.html]
[www.imf.org/en/Publications.html]
[www.imf.org/en/publications/areb.html]
[www.imf.org/en/publications/fm-2.html]
[www.imf.org/en/publications/reo.html]
[www.imf.org/en/publications/search8537.html]
[www.imf.org/en/Publications/SPROLLs/IMF-Departmental-Papers.html]
[www.imf.org/en/Publications/imf-staff-notes.html]
[www.imf.org/en/Publications/SPROLLs/global-financial-stability-notes.html]
[www.imf.org/en/Publications/SPROLLs/Spillover-Notes.html]
[www.imf.org/en/Publications/SPROLLs/How-To-Notes.html]
[www.imf.org/en/publications/search.html]
[www.imf.org/en/Topics/imf-and-covid19.html]
[www.imf.org/en/Topics/imf-and-covid19/imf-staff-pandemic-proposal.html]
[www.imf.org/en/Topics/imf-and-covid19/COVID-Lending-Tracker.html]
[www.imf.org/en/Publications/SPROLLs/covid19-special-notes.html]
[www.imf.org/en/Topics/imf-and-covid19/COVID-19-Global-Targets-and-Progress-Tracker.html]
[www.imf.org/en/home-2.html]
[www.imf.org/en/Blogs/Articles/2022/09/30/global-food-crisis-demands-support-for-people-open-trade-bigger-local-harvests.html]
[www.imf.org/en/Publications/fandd/issues/2022/09/Point-of-View-the-superficial-allure-of-crypto-Hilary-Allen.html]
[www.imf.org/en/Blogs/Articles/2022/09/26/africa-food-prices-are-soaring-amid-high-import-reliance.html]
[www.imf.org/en/News/Podcasts/All-Podcasts/2022/09/22/camdessus-lecture-de-galhau.html]
[www.imf.org/en/-/media/Images/IMF/home-page/Banner/2022/am22-logo-eng-ko.png]
[www.imf.org/en/News/Articles/2022/09/29/pr22327-imf-managing-director-creation-new-food-shock-window-help-countries-address-food-insecurity.html]
[www.imf.org/en/News/Articles/2022/09/19/cf-the-unexpected-rise-in-remittances.html]
[www.imf.org/en/News/Articles/2022/09/28/pr22325-imf-reaches-staff-level-agreement-with-barbados-rst-program-with-accompanying-eff.html]
[www.imf.org/en/Topics/IMF-and-Ukraine.html]
[www.imf.org/en/Topics/special-drawing-right.html]
[www.imf.org/en/About/FAQ/special-drawing-right.html]
[www.imf.org/en/About/Factsheets/Sheets/2016/08/01/14/51/Special-Drawing-Right-SDR.html]
[www.imf.org/en/Topics/special-drawing-right/seven-things-you-need-to-know-about-sdr-allocations.html]
[www.imf.org/external/19/images/icons/white/data-pie.png]
[www.imf.org/external/19/images/icons/white/bank.png]
[www.imf.org/external/19/images/icons/white/coins-hand.png]
[www.imf.org/external/19/images/icons/white/book-open.png]
[www.imf.org/en/Whats-New-Archive.html]
[www.imf.org/en/Publications/Departmental-Papers-Policy-Papers/Issues/2022/09/28/Industrial-Policy-for-Growth-and-Diversification-A-Conceptual-Framework-519714.html]
[www.imf.org/en/Publications/WP/Issues/2022/09/30/Regional-Disparities-in-Europe-523583.html]
[www.imf.org/en/Publications/WP/Issues/2022/09/30/Cross-Country-Evidence-on-the-Revenue-Impact-of-Tax-Reforms-524050.html]
[www.imf.org/en/Publications/WP/Issues/2022/09/29/Experimental-Indicators-of-Digital-Industries-in-Select-Countries-Definitions-Methods-and-524035.html]
[www.imf.org/en/Publications/WP/Issues/2022/09/29/A-Tale-of-Tier-3-Cities-524064.html]
[www.imf.org/en/Publications/WP/Issues/2022/09/30/How-Do-State-Owned-Enterprises-Adjust-During-Downturns-Evidence-from-Iranian-Manufacturing-524058.html]
[www.imf.org/en/Publications/WP/Issues/2022/09/30/Unpacking-Impact-of-COVID-19-on-Vietnamese-Firms-Evidence-from-a-Novel-Survey-524067.html]
[www.imf.org/en/Blogs.html]
[www.imf.org/en/_/media/Images/IMF/home-page/Others/banner-blog.png]
[www.imf.org/en/News/Podcasts-2.html]
[www.imf.org/en/_/media/Images/IMF/home-page/Others/banner-podcasts.png]
[www.imf.org/en/Publications/fandd.html]
[www.imf.org/en/-/media/Images/IMF/home-page/Others/FD-magazine-banner4.png]
[www.imf.org/en/Publications/WEO/Issues/2022/10/11/world-economic-outlook-october-2022.html]
[www.imf.org/en/Publications/GFSR/Issues/2022/10/11/global-financial-stability-report-october-2022.html]
[www.imf.org/en/Publications/FM/Issues/2022/04/12/fiscal-monitor-april-2022.html]
[www.imf.org/en/Publications/REO-2.html]
[www.imf.org/en/Publications/ESR/Issues/2022/08/04/2022-external-sector-report.html]
[www.imf.org/en/About/Partners/civil-society.html]
[www.imf.org/en/_/media/Images/IMF/home-page/Others/person-group.png]
[www.imf.org/en/_/media/Images/IMF/home-page/Others/youth-icon.png]
[www.imf.org/en/About/Partners/Youth.html]
[www.imf.org/en/_/media/Images/IMF/home-page/Others/Newspaper.png]
[www.imf.org/en/_/media/Images/IMF/home-page/Others/Bank.png]
[www.imf.org/en/_/media/Images/IMF/home-page/Others/Career.png]
[www.imf.org/en/Topics/Comprehensive-Surveillance-Review.html]
[www.imf.org/en/Topics/Fiscal-policies-2.html]
[www.imf.org/en/Topics/IPF-Integrated-Policy-Framework.html]
[www.imf.org/en/Topics/low-income-countries.html]
[www.imf.org/en/Topics/sovereign-debt.html]
[www.imf.org/en/Topics/SDG.html]
[www.imf.org/en/About/imf-giving-together.html]
[www.imf.org/assets/imf/images/footer/IMF_seal.png]
[www.imf.org/en/News/Seminars.html]
[www.imf.org/en/videos/index-2.html]
[www.imf.org/en/Social-Hub.html]
[www.imf.org/en/Publications/AREB-2.html]
[www.imf.org/en/About/Recruitment.html]
[www.imf.org/en/About/glossary.html]
[www.imf.org/en/About/brand.html]
[www.imf.org/Assets/Shared/js/jquery-3.5.1.min.js]
[s7.addthis.com/js/300/addthis_widget.js]
[www.imf.org/Assets/IMF/js/SocialScript.js]
[www.imf.org/Assets/IMF/js/CommonScript.js]
[www.imf.org/Assets/IMF/js/piwik.js]
[www.imf.org/Assets/IMF/js/TwitterQuote.js]
[www.imf.org/Assets/IMF/js/jquery.proquo.js]
[www.imf.org/en/Home.html]
[static.cloud.coveo.com/coveo.analytics.js/coveoua.js]
[snap.licdn.com/li.lms-analytics/insight.min.js]
[assets.adobedtm.com/c7b988f076dc93cc20c734bc51e87dde0b81f134/satelliteLib-834e3fe4ac4ea890c36d061e19fc6cfc1b5dc5d0.js]
[www.imf.org/Assets/IMF/css/styles.css]
[www.imf.org/Assets/IMF/css/header_footer.css]
[www.imf.org/Assets/IMF/js/modernizr.js]
[www.imf.org/en/news/podcasts.html]
[www.imf.org/en/email-subscription/index.html]
[www.imf.org/en/live.html]
[www.imf.org/Assets/IMF/css/CoveoFullSearch.min.css]
[www.imf.org/Coveo/Hive/css/CoveoForSitecore.css]
[www.imf.org/Assets/IMF/css/CoveoFullSearch.css]
[www.imf.org/en/About/Factsheets/old-FS/Where-the-IMF-Gets-Its-Money-old.html]
[www.imf.org/en/_/link6a5f.html]
[www.imf.org/en/Countries/VNM/vietnam-raising-millions-out-of-poverty.html]
[www.imf.org/en/About/Factsheets/old-FS/IMF-Surveillance-2.html]
[players.brightcove.net/45228659001/HyjoUEN3_default/index.min.js]
[www.imf.org/en/Countries/COL/working-together-colombia-and-the-imf.html]
[www.imf.org/en/-/media/Images/IMF/Publications/annual-report/AR-oct21-En-coverc6eb.jpg]
[www.imf.org/en/About/FAQ/sovereign-debt.html]
[www.imf.org/en/_/media/Images/IMF/About/timeline-v3.gif]
[www.imf.org/en/About.html]
[www.imf.org/en/About/Factsheets/Where-the-IMF-Gets-Its-Money.html]
[www.imf.org/en/News/Articles/2019/06/26/pr19239-exec-board-modifies-prgt-intr-rate-mech-approve-zero-rate-all-lic-lend-facilities-june-2021.html]
[www.imf.org/en/About/Factsheets/Sheets/2016/08/02/21/08/Rapid-Credit-Facility.html]
[www.imf.org/en/About/Factsheets/Sheets/2016/07/14/12/21/IMF-Quotas.html]
[www.imf.org/en/About/executive-board/members-quotas.html]
[www.imf.org/en/News/Articles/2021/01/08/pr214-imf-concludes-steps-to-maintain-its-lending-capacity.html]
[www.imf.org/en/About/Organization-Chart.html]
[www.imf.org/en/About/Factsheets/Annual-Spring-Meetings.html]
[www.imf.org/en/About/executive-board/eds-voting-power.html]
[www.imf.org/en/About/Factsheets/-/media/Images/IMF/About/Factsheets/2022/imf-at-a-glance-factsheet.jpg]
[www.imf.org/en/About/Factsheets/_/media/Images/IMF/home-page/Others/banner-blog.png]
[www.imf.org/en/About/Factsheets/_/media/Images/IMF/home-page/Others/banner-podcasts.png]
[www.imf.org/en/About/Factsheets/-/media/Images/IMF/home-page/Others/FD-magazine-banner4.png]
[www.imf.org/en/About/Factsheets/-/media/Images/IMF/News/Events/2021/newsletter-imf-sign-up-image-4.png]
[www.imf.org/en/About/Factsheets/IMF-at-a-Glance.html]
[www.imf.org/en/Publications/REO/SSA/Issues/2022/04/28/regional-economic-outlook-for-sub-saharan-africa-april-2022.html]
[www.imf.org/en/About/Factsheets/-/media/Images/IMF/About/Factsheets/2022/images-surveillance-020353.jpg]
[www.imf.org/en/News/SPROLLs/PRSurveillance134.html]
[www.imf.org/en/About/Factsheets/-/media/Images/IMF/About/Factsheets/2022/images-surveillance-010353.jpg]
[www.imf.org/en/Videos/viewd646.html]
[www.imf.org/en/Publications/Searchde54.html]
[www.imf.org/en/Research/IMFandG20.html]
[www.imf.org/en/About/Factsheets/Sheets/2021/03/22/imf-staff-monitored-program-smp.html]
[www.imf.org/en/About/Factsheets/Sheets/2016/07/27/15/45/Standards-for-Data-Dissemination.html]
[www.imf.org/en/About/Factsheets/IMF-Surveillance.html]
[www.imf.org/en/About/Factsheets/Sheets/2016/07/27/15/35/Transparency-at-the-IMF.html]
[www.imf.org/en/About/infographics/imf-firepower-lending.html]
[www.imf.org/en/Data/IMF-Finances-2.html]
[www.imf.org/en/About/Factsheets/Sheets/2016/08/01/20/33/Stand-By-Arrangement.html]
[www.imf.org/en/About/Factsheets/Sheets/2016/08/01/20/40/Flexible-Credit-Line.html]
[www.imf.org/en/About/Factsheets/Sheets/2017/07/25/policy-coordination-instrument.html]
[www.imf.org/en/About/Factsheets/Sheets/2016/08/02/21/21/Policy-Support-Instrument.html]
[www.imf.org/en/About/Factsheets/Sheets/2022/resilience-and-sustainability-facility-rsf.html]
[www.imf.org/en/email-subscription/login.html]
[www.imf.org/en/About/Factsheets/_/media/lending.png]
[www.imf.org/en/About/Factsheets/_/media/lending-fs28d01.png]
[www.imf.org/en/News/Articles/2015/09/28/04/53/sopol100908b.html]
[www.imf.org/en/About/Factsheets/_/media/imf-lending.jpg]
[www.imf.org/en/About/Factsheets/IMF-Lending.html]
[www.imf.org/en/About/Factsheets/-/media/infographic-capacity-developmentbe65.png]
[www.imf.org/en/About/Factsheets/Sheets/2017/06/14/imf-regional-capacity-development-initiatives.html]
[www.imf.org/en/About/Factsheets/imf-capacity-development.html]
[www.imf.org/en/About/Factsheets/Sheets/2017/04/19/Funds-for-Capacity-Development.html]
[www.imf.org/en/About/Factsheetsdd4d.html]
[www.imf.org/en/About/Factsheets/Sheets/2022/How-the-IMF-makes-decisions.html]
[www.imf.org/en/About/Factsheets/Sheets/2022/IMF-accountability.html]
[www.imf.org/en/About/Factsheets/Sheets/2022/MD-selection-process.html]
[www.imf.org/en/About/Factsheets/Sheets/2022/IMF-World-Bank-New.html]
[www.imf.org/en/About/Factsheets/Sheets/2016/07/27/15/46/Encouraging-Greater-Fiscal-Transparency.html]
[www.imf.org/en/About/Factsheets/Sheets/2016/08/02/21/43/Protecting-IMF-Resources-Safeguards.html]
[www.imf.org/en/About/Factsheets/Sheets/2020/04/17/short-term-liquidity-line.html]
[www.imf.org/en/About/Factsheets/Sheets/2016/08/02/19/55/Rapid-Financing-Instrument.html]
[www.imf.org/en/About/Factsheets/Sheets/2016/08/02/21/10/Standby-Credit-Facility.html]
[www.imf.org/en/About/Factsheets/Sheets/2016/08/02/21/04/Extended-Credit-Facility.html]
[www.imf.org/en/About/Factsheets/Sheets/2016/08/02/21/48/post-financing-assessment.html]
[www.imf.org/en/About/Factsheets/Sheets/2016/08/01/20/45/Precautionary-and-Liquidity-Line.html]
[www.imf.org/en/About/Factsheets/Sheets/2016/08/01/20/56/Extended-Fund-Facility.html]
[www.imf.org/en/About/Factsheets/Sheets/2016/08/02/19/51/Trade-Integration-Mechanism.html]
[www.imf.org/en/About/Factsheets/Sheets/2016/08/02/21/28/IMF-Conditionality.html]
[www.imf.org/en/About/Factsheets/Sheets/2020/04/30/how-imf-covid19-financial-help-is-used.html]
[www.imf.org/en/About/Factsheets/Sheets/2016/08/02/21/19/Exogenous-Shocks-Facility-High-Access-Component.html]
[www.imf.org/en/About/Factsheets.html]
[www.imf.org/en/About/Timeline.html]
[www.imf.org/en/About/senior-officials.html]
[www.imf.org/en/Topics/climate-change.html]
[www.imf.org/en/Topics/fintech.html]
[www.imf.org/en/Topics/fiscal-policies.html]
[www.imf.org/en/Topics/Inequality.html]
[www.imf.org/en/Topics/IMF-Topics.html]
[www.imf.org/en/Research.html]
[www.imf.org/en/publications/weo.html]
[www.imf.org/en/publications/gfsr.html]
[www.imf.org/en/publications/FM.html]
[www.imf.org/en/Publications/SPROLLs/External-Sector-Reports.html]
[www.imf.org/en/Publications/SPROLLs/Staff-Discussion-Notes.html]
[www.imf.org/en/publications/search698c.html]
[www.imf.org/en/Research/Researcher-CV.html]
[www.imf.org/en/News/Seminars/Conferences/2019/03/25/7th-statistical-forum.html]
[www.imf.org/en/Countries.html]
[www.imf.org/en/countries-2.html]
[www.imf.org/en/Countries/ResRep.html]
[www.imf.org/en/Countries/Regions/Europe.html]
[www.imf.org/en/Countries/ResRep/OAP-Home.html]
[www.imf.org/en/Countries/ResRep/CDOT-Region.html]
[www.imf.org/en/Countries/ResRep/CAM-Region.html]
[www.imf.org/en/Countries/ResRep/ECC-Region.html]
[www.imf.org/en/Countries/ResRep/EUR.html]
[www.imf.org/en/Countries/ResRep/PIS-Region.html]
[www.imf.org/en/Capacity-Development.html]
[www.imf.org/en/Capacity-Development/what-we-do.html]
[www.imf.org/en/Capacity-Development/how-we-work.html]
[www.imf.org/en/Capacity-Development/Training/ICDTC.html]
[www.imf.org/en/Capacity-Development/Partners.html]
[www.imf.org/en/Capacity-Development/cd-stories.html]
[www.imf.org/en/Publications/SPROLLs/Technical-assistance-country-reports.html]
[www.imf.org/en/Capacity-Development/strategy-policies.html]
[www.imf.org/en/News.html]
[www.imf.org/en/News/country-focus.html]
[www.imf.org/en/news/searchnews.html]
[www.imf.org/en/Videos/index.html]
[www.imf.org/en/videos/view7a81.html]
[www.imf.org/en/Videos/viewa8ee.html]
[www.imf.org/en/Videos/viewefaf.html]
[www.imf.org/en/Videos/view25f6.html]
[www.imf.org/en/Videos/view18c9.html]
[www.imf.org/en/Videos/view9297.html]
[www.imf.org/en/Videos/viewdb58.html]
[www.imf.org/en/Videos/viewaa07.html]
[www.imf.org/en/Videos/viewa771.html]
[www.imf.org/en/Videos/view9a33.html]
[www.imf.org/en/Videos/view2a93.html]
[www.imf.org/en/Videos/view3eca.html]
[www.imf.org/en/Videos/view4621.html]
[www.imf.org/en/Videos/view5736.html]
[www.imf.org/en/Videos/view161f.html]
[www.imf.org/en/Data.html]
[www.imf.org/en/data/imf-finances.html]
[www.imf.org/en/News/Seminars/Conferences/g20-data-gaps-initiative.html]
[www.imf.org/en/Publications.html]
[www.imf.org/en/publications/areb.html]
[www.imf.org/en/publications/fm-2.html]
[www.imf.org/en/publications/reo.html]
[www.imf.org/en/publications/search8537.html]
[www.imf.org/en/Publications/SPROLLs/IMF-Departmental-Papers.html]
[www.imf.org/en/Publications/imf-staff-notes.html]
[www.imf.org/en/Publications/SPROLLs/global-financial-stability-notes.html]
[www.imf.org/en/Publications/SPROLLs/Spillover-Notes.html]
[www.imf.org/en/Publications/SPROLLs/How-To-Notes.html]
[www.imf.org/en/publications/search.html]
[www.imf.org/en/Topics/imf-and-covid19.html]
[www.imf.org/en/Topics/imf-and-covid19/imf-staff-pandemic-proposal.html]
[www.imf.org/en/Topics/imf-and-covid19/COVID-Lending-Tracker.html]
[www.imf.org/en/Publications/SPROLLs/covid19-special-notes.html]
[www.imf.org/en/Topics/imf-and-covid19/COVID-19-Global-Targets-and-Progress-Tracker.html]
[www.imf.org/en/home-2.html]
[www.imf.org/en/Blogs/Articles/2022/09/30/global-food-crisis-demands-support-for-people-open-trade-bigger-local-harvests.html]
[www.imf.org/en/Publications/fandd/issues/2022/09/Point-of-View-the-superficial-allure-of-crypto-Hilary-Allen.html]
[www.imf.org/en/Blogs/Articles/2022/09/26/africa-food-prices-are-soaring-amid-high-import-reliance.html]
[www.imf.org/en/News/Podcasts/All-Podcasts/2022/09/22/camdessus-lecture-de-galhau.html]
[www.imf.org/en/News/Articles/2022/09/29/pr22327-imf-managing-director-creation-new-food-shock-window-help-countries-address-food-insecurity.html]
[www.imf.org/en/News/Articles/2022/09/19/cf-the-unexpected-rise-in-remittances.html]
[www.imf.org/en/News/Articles/2022/09/28/pr22325-imf-reaches-staff-level-agreement-with-barbados-rst-program-with-accompanying-eff.html]
[www.imf.org/en/Topics/IMF-and-Ukraine.html]
[www.imf.org/en/Topics/special-drawing-right.html]
[www.imf.org/en/About/FAQ/special-drawing-right.html]
[www.imf.org/en/About/Factsheets/Sheets/2016/08/01/14/51/Special-Drawing-Right-SDR.html]
[www.imf.org/en/Topics/special-drawing-right/seven-things-you-need-to-know-about-sdr-allocations.html]
[www.imf.org/en/Whats-New-Archive.html]
[www.imf.org/en/Publications/Departmental-Papers-Policy-Papers/Issues/2022/09/28/Industrial-Policy-for-Growth-and-Diversification-A-Conceptual-Framework-519714.html]
[www.imf.org/en/Publications/WP/Issues/2022/09/30/Regional-Disparities-in-Europe-523583.html]
[www.imf.org/en/Publications/WP/Issues/2022/09/30/Cross-Country-Evidence-on-the-Revenue-Impact-of-Tax-Reforms-524050.html]
[www.imf.org/en/Publications/WP/Issues/2022/09/29/Experimental-Indicators-of-Digital-Industries-in-Select-Countries-Definitions-Methods-and-524035.html]
[www.imf.org/en/Publications/WP/Issues/2022/09/29/A-Tale-of-Tier-3-Cities-524064.html]
[www.imf.org/en/Publications/WP/Issues/2022/09/30/How-Do-State-Owned-Enterprises-Adjust-During-Downturns-Evidence-from-Iranian-Manufacturing-524058.html]
[www.imf.org/en/Publications/WP/Issues/2022/09/30/Unpacking-Impact-of-COVID-19-on-Vietnamese-Firms-Evidence-from-a-Novel-Survey-524067.html]
[www.imf.org/en/Blogs.html]
[www.imf.org/en/News/Podcasts-2.html]
[www.imf.org/en/Publications/fandd.html]
[www.imf.org/en/Publications/WEO/Issues/2022/10/11/world-economic-outlook-october-2022.html]
[www.imf.org/en/Publications/GFSR/Issues/2022/10/11/global-financial-stability-report-october-2022.html]
[www.imf.org/en/Publications/FM/Issues/2022/04/12/fiscal-monitor-april-2022.html]
[www.imf.org/en/Publications/REO-2.html]
[www.imf.org/en/Publications/ESR/Issues/2022/08/04/2022-external-sector-report.html]
[www.imf.org/en/About/Partners/civil-society.html]
[www.imf.org/en/About/Partners/Youth.html]
[www.imf.org/en/Topics/Comprehensive-Surveillance-Review.html]
[www.imf.org/en/Topics/Fiscal-policies-2.html]
[www.imf.org/en/Topics/IPF-Integrated-Policy-Framework.html]
[www.imf.org/en/Topics/low-income-countries.html]
[www.imf.org/en/Topics/sovereign-debt.html]
[www.imf.org/en/Topics/SDG.html]
[www.imf.org/en/About/imf-giving-together.html]
[www.imf.org/en/News/Seminars.html]
[www.imf.org/en/videos/index-2.html]
[www.imf.org/en/Social-Hub.html]
[www.imf.org/en/Publications/AREB-2.html]
[www.imf.org/en/About/Recruitment.html]
[www.imf.org/en/About/glossary.html]
[www.imf.org/en/About/brand.html]
[www.imf.org/en/AppMeasurement_Module_AudienceManagement.html]
[www.imf.org/en/AppMeasurement.html]
[www.imf.org/helpers/getObjectProperty.html]
[snap.licdn.com/li.lms-analytics/insight.min.js]
[www.imf.org/en/index.html]
[www.imf.org/Assets/IMF/css/styles.css]
[www.imf.org/Assets/IMF/css/header_footer.css]
[www.imf.org/Assets/IMF/css/CoveoFullSearch.css]
[www.imf.org/en/About/Factsheets/old-FS/Where-the-IMF-Gets-Its-Money-old.html]
[www.imf.org/en/_/link6a5f.html]
[www.imf.org/en/Countries/VNM/vietnam-raising-millions-out-of-poverty.html]
[www.imf.org/en/About/Factsheets/old-FS/IMF-Surveillance-2.html]
[www.imf.org/en/Countries/COL/working-together-colombia-and-the-imf.html]
[www.imf.org/en/About/FAQ/sovereign-debt.html]
[www.imf.org/en/About/Factsheets/Where-the-IMF-Gets-Its-Money.html]
[www.imf.org/en/News/Articles/2019/06/26/pr19239-exec-board-modifies-prgt-intr-rate-mech-approve-zero-rate-all-lic-lend-facilities-june-2021.html]
[www.imf.org/en/About/Factsheets/Sheets/2016/08/02/21/08/Rapid-Credit-Facility.html]
[www.imf.org/en/About/Factsheets/Sheets/2016/07/14/12/21/IMF-Quotas.html]
[www.imf.org/en/About/executive-board/members-quotas.html]
[www.imf.org/en/News/Articles/2021/01/08/pr214-imf-concludes-steps-to-maintain-its-lending-capacity.html]
[www.imf.org/en/About/Organization-Chart.html]
[www.imf.org/en/About/Factsheets/Annual-Spring-Meetings.html]
[www.imf.org/en/About/executive-board/eds-voting-power.html]
[www.imf.org/en/Publications/REO/SSA/Issues/2022/04/28/regional-economic-outlook-for-sub-saharan-africa-april-2022.html]
[www.imf.org/en/News/SPROLLs/PRSurveillance134.html]
[www.imf.org/en/Videos/viewd646.html]
[www.imf.org/en/Publications/Searchde54.html]
[www.imf.org/en/Research/IMFandG20.html]
[www.imf.org/en/About/Factsheets/Sheets/2021/03/22/imf-staff-monitored-program-smp.html]
[www.imf.org/en/About/Factsheets/Sheets/2016/07/27/15/45/Standards-for-Data-Dissemination.html]
[www.imf.org/en/About/Factsheets/Sheets/2016/07/27/15/35/Transparency-at-the-IMF.html]
[www.imf.org/en/About/infographics/imf-firepower-lending.html]
[www.imf.org/en/Data/IMF-Finances-2.html]
[www.imf.org/en/About/Factsheets/Sheets/2016/08/01/20/33/Stand-By-Arrangement.html]
[www.imf.org/en/About/Factsheets/Sheets/2016/08/01/20/40/Flexible-Credit-Line.html]
[www.imf.org/en/About/Factsheets/Sheets/2017/07/25/policy-coordination-instrument.html]
[www.imf.org/en/About/Factsheets/Sheets/2016/08/02/21/21/Policy-Support-Instrument.html]
[www.imf.org/en/About/Factsheets/Sheets/2022/resilience-and-sustainability-facility-rsf.html]
[www.imf.org/en/email-subscription/login.html]
[www.imf.org/en/News/Articles/2015/09/28/04/53/sopol100908b.html]
[www.imf.org/en/About/Factsheets/Sheets/2017/06/14/imf-regional-capacity-development-initiatives.html]
[www.imf.org/en/About/Factsheets/Sheets/2017/04/19/Funds-for-Capacity-Development.html]
[www.imf.org/en/About/Factsheetsdd4d.html]
[www.imf.org/en/About/Factsheets/Sheets/2022/How-the-IMF-makes-decisions.html]
[www.imf.org/en/About/Factsheets/Sheets/2022/IMF-accountability.html]
[www.imf.org/en/About/Factsheets/Sheets/2022/MD-selection-process.html]
[www.imf.org/en/About/Factsheets/Sheets/2022/IMF-World-Bank-New.html]
[www.imf.org/en/About/Factsheets/Sheets/2016/07/27/15/46/Encouraging-Greater-Fiscal-Transparency.html]
[www.imf.org/en/About/Factsheets/Sheets/2016/08/02/21/43/Protecting-IMF-Resources-Safeguards.html]
[www.imf.org/en/About/Factsheets/Sheets/2020/04/17/short-term-liquidity-line.html]
[www.imf.org/en/About/Factsheets/Sheets/2016/08/02/19/55/Rapid-Financing-Instrument.html]
[www.imf.org/en/About/Factsheets/Sheets/2016/08/02/21/10/Standby-Credit-Facility.html]
[www.imf.org/en/About/Factsheets/Sheets/2016/08/02/21/04/Extended-Credit-Facility.html]
[www.imf.org/en/About/Factsheets/Sheets/2016/08/02/21/48/post-financing-assessment.html]
[www.imf.org/en/About/Factsheets/Sheets/2016/08/01/20/45/Precautionary-and-Liquidity-Line.html]
[www.imf.org/en/About/Factsheets/Sheets/2016/08/01/20/56/Extended-Fund-Facility.html]
[www.imf.org/en/About/Factsheets/Sheets/2016/08/02/19/51/Trade-Integration-Mechanism.html]
[www.imf.org/en/About/Factsheets/Sheets/2016/08/02/21/28/IMF-Conditionality.html]
[www.imf.org/en/About/Factsheets/Sheets/2020/04/30/how-imf-covid19-financial-help-is-used.html]
[www.imf.org/en/About/Factsheets/Sheets/2016/08/02/21/19/Exogenous-Shocks-Facility-High-Access-Component.html]
